[2021-05-18 01:23:41,216] p32732 {D:\TelegramChatbot\utilities\config_reader.py:23} ERROR - No option 'token' in section: 'GodOfRequestsBot'
Traceback (most recent call last):
  File "C:\Program Files\Python_3.7.7\lib\configparser.py", line 788, in get
    value = d[option]
  File "C:\Program Files\Python_3.7.7\lib\collections\__init__.py", line 916, in __getitem__
    return self.__missing__(key)            # support subclasses that define __missing__
  File "C:\Program Files\Python_3.7.7\lib\collections\__init__.py", line 908, in __missing__
    raise KeyError(key)
KeyError: 'token'

During handling of the above exception, another exception occurred:

Traceback (most recent call last):
  File "D:\TelegramChatbot\utilities\config_reader.py", line 21, in get_attribute_str
    value = parser.get(section, attribute)
  File "C:\Program Files\Python_3.7.7\lib\configparser.py", line 791, in get
    raise NoOptionError(option, section)
configparser.NoOptionError: No option 'token' in section: 'GodOfRequestsBot'
[2021-05-18 01:23:41,232] p32732 {D:\TelegramChatbot\common\methods.py:6} INFO - https://api.telegram.org/bot/getUpdates
[2021-05-18 01:23:41,794] p32732 {D:\TelegramChatbot\common\methods.py:6} INFO - https://api.telegram.org/bot/getUpdates
[2021-05-18 01:23:42,300] p32732 {D:\TelegramChatbot\common\methods.py:6} INFO - https://api.telegram.org/bot/getUpdates
[2021-05-18 01:23:42,786] p32732 {D:\TelegramChatbot\common\methods.py:6} INFO - https://api.telegram.org/bot/getUpdates
[2021-05-18 01:23:43,297] p32732 {D:\TelegramChatbot\common\methods.py:6} INFO - https://api.telegram.org/bot/getUpdates
[2021-05-18 01:23:43,820] p32732 {D:\TelegramChatbot\common\methods.py:6} INFO - https://api.telegram.org/bot/getUpdates
[2021-05-18 01:23:44,330] p32732 {D:\TelegramChatbot\common\methods.py:6} INFO - https://api.telegram.org/bot/getUpdates
[2021-05-18 01:23:44,838] p32732 {D:\TelegramChatbot\common\methods.py:6} INFO - https://api.telegram.org/bot/getUpdates
[2021-05-18 01:23:45,335] p32732 {D:\TelegramChatbot\common\methods.py:6} INFO - https://api.telegram.org/bot/getUpdates
[2021-05-18 01:23:45,827] p32732 {D:\TelegramChatbot\common\methods.py:6} INFO - https://api.telegram.org/bot/getUpdates
[2021-05-18 01:23:46,321] p32732 {D:\TelegramChatbot\common\methods.py:6} INFO - https://api.telegram.org/bot/getUpdates
[2021-05-18 01:23:46,831] p32732 {D:\TelegramChatbot\common\methods.py:6} INFO - https://api.telegram.org/bot/getUpdates
[2021-05-18 01:23:47,343] p32732 {D:\TelegramChatbot\common\methods.py:6} INFO - https://api.telegram.org/bot/getUpdates
[2021-05-18 01:23:47,877] p32732 {D:\TelegramChatbot\common\methods.py:6} INFO - https://api.telegram.org/bot/getUpdates
[2021-05-18 01:23:48,391] p32732 {D:\TelegramChatbot\common\methods.py:6} INFO - https://api.telegram.org/bot/getUpdates
[2021-05-18 01:23:48,887] p32732 {D:\TelegramChatbot\common\methods.py:6} INFO - https://api.telegram.org/bot/getUpdates
[2021-05-18 01:23:49,373] p32732 {D:\TelegramChatbot\common\methods.py:6} INFO - https://api.telegram.org/bot/getUpdates
[2021-05-18 01:23:49,862] p32732 {D:\TelegramChatbot\common\methods.py:6} INFO - https://api.telegram.org/bot/getUpdates
[2021-05-18 01:23:50,354] p32732 {D:\TelegramChatbot\common\methods.py:6} INFO - https://api.telegram.org/bot/getUpdates
[2021-05-18 01:23:50,858] p32732 {D:\TelegramChatbot\common\methods.py:6} INFO - https://api.telegram.org/bot/getUpdates
[2021-05-18 01:23:51,378] p32732 {D:\TelegramChatbot\common\methods.py:6} INFO - https://api.telegram.org/bot/getUpdates
[2021-05-18 01:23:51,871] p32732 {D:\TelegramChatbot\common\methods.py:6} INFO - https://api.telegram.org/bot/getUpdates
[2021-05-18 01:23:52,358] p32732 {D:\TelegramChatbot\common\methods.py:6} INFO - https://api.telegram.org/bot/getUpdates
[2021-05-18 01:23:52,859] p32732 {D:\TelegramChatbot\common\methods.py:6} INFO - https://api.telegram.org/bot/getUpdates
[2021-05-18 01:23:53,349] p32732 {D:\TelegramChatbot\common\methods.py:6} INFO - https://api.telegram.org/bot/getUpdates
[2021-05-18 01:23:53,836] p32732 {D:\TelegramChatbot\common\methods.py:6} INFO - https://api.telegram.org/bot/getUpdates
[2021-05-18 01:23:54,358] p32732 {D:\TelegramChatbot\common\methods.py:6} INFO - https://api.telegram.org/bot/getUpdates
[2021-05-18 01:23:54,847] p32732 {D:\TelegramChatbot\common\methods.py:6} INFO - https://api.telegram.org/bot/getUpdates
[2021-05-18 01:23:55,375] p32732 {D:\TelegramChatbot\common\methods.py:6} INFO - https://api.telegram.org/bot/getUpdates
[2021-05-18 01:23:55,856] p32732 {D:\TelegramChatbot\common\methods.py:6} INFO - https://api.telegram.org/bot/getUpdates
[2021-05-18 01:23:56,344] p32732 {D:\TelegramChatbot\common\methods.py:6} INFO - https://api.telegram.org/bot/getUpdates
[2021-05-18 01:23:56,832] p32732 {D:\TelegramChatbot\common\methods.py:6} INFO - https://api.telegram.org/bot/getUpdates
[2021-05-18 01:23:57,357] p32732 {D:\TelegramChatbot\common\methods.py:6} INFO - https://api.telegram.org/bot/getUpdates
[2021-05-18 01:23:57,879] p32732 {D:\TelegramChatbot\common\methods.py:6} INFO - https://api.telegram.org/bot/getUpdates
[2021-05-18 01:23:58,356] p32732 {D:\TelegramChatbot\common\methods.py:6} INFO - https://api.telegram.org/bot/getUpdates
[2021-05-18 01:23:58,956] p32732 {D:\TelegramChatbot\common\methods.py:6} INFO - https://api.telegram.org/bot/getUpdates
[2021-05-18 01:23:59,477] p32732 {D:\TelegramChatbot\common\methods.py:6} INFO - https://api.telegram.org/bot/getUpdates
[2021-05-18 01:23:59,978] p32732 {D:\TelegramChatbot\common\methods.py:6} INFO - https://api.telegram.org/bot/getUpdates
[2021-05-18 01:24:00,496] p32732 {D:\TelegramChatbot\common\methods.py:6} INFO - https://api.telegram.org/bot/getUpdates
[2021-05-18 01:24:00,985] p32732 {D:\TelegramChatbot\common\methods.py:6} INFO - https://api.telegram.org/bot/getUpdates
[2021-05-18 01:24:01,474] p32732 {D:\TelegramChatbot\common\methods.py:6} INFO - https://api.telegram.org/bot/getUpdates
[2021-05-18 01:24:01,991] p32732 {D:\TelegramChatbot\common\methods.py:6} INFO - https://api.telegram.org/bot/getUpdates
[2021-05-18 01:24:02,475] p32732 {D:\TelegramChatbot\common\methods.py:6} INFO - https://api.telegram.org/bot/getUpdates
[2021-05-18 01:24:02,982] p32732 {D:\TelegramChatbot\common\methods.py:6} INFO - https://api.telegram.org/bot/getUpdates
[2021-05-18 01:24:03,481] p32732 {D:\TelegramChatbot\common\methods.py:6} INFO - https://api.telegram.org/bot/getUpdates
[2021-05-18 01:24:03,966] p32732 {D:\TelegramChatbot\common\methods.py:6} INFO - https://api.telegram.org/bot/getUpdates
[2021-05-18 01:24:04,457] p32732 {D:\TelegramChatbot\common\methods.py:6} INFO - https://api.telegram.org/bot/getUpdates
[2021-05-18 01:24:04,932] p32732 {D:\TelegramChatbot\common\methods.py:6} INFO - https://api.telegram.org/bot/getUpdates
[2021-05-18 01:24:05,509] p32732 {D:\TelegramChatbot\common\methods.py:6} INFO - https://api.telegram.org/bot/getUpdates
[2021-05-18 01:24:05,996] p32732 {D:\TelegramChatbot\common\methods.py:6} INFO - https://api.telegram.org/bot/getUpdates
[2021-05-18 01:24:06,479] p32732 {D:\TelegramChatbot\common\methods.py:6} INFO - https://api.telegram.org/bot/getUpdates
[2021-05-18 01:24:06,987] p32732 {D:\TelegramChatbot\common\methods.py:6} INFO - https://api.telegram.org/bot/getUpdates
[2021-05-18 01:24:07,493] p32732 {D:\TelegramChatbot\common\methods.py:6} INFO - https://api.telegram.org/bot/getUpdates
[2021-05-18 01:24:08,001] p32732 {D:\TelegramChatbot\common\methods.py:6} INFO - https://api.telegram.org/bot/getUpdates
[2021-05-18 01:24:08,494] p32732 {D:\TelegramChatbot\common\methods.py:6} INFO - https://api.telegram.org/bot/getUpdates
[2021-05-18 01:24:08,984] p32732 {D:\TelegramChatbot\common\methods.py:6} INFO - https://api.telegram.org/bot/getUpdates
[2021-05-18 01:24:09,473] p32732 {D:\TelegramChatbot\common\methods.py:6} INFO - https://api.telegram.org/bot/getUpdates
[2021-05-18 01:24:09,981] p32732 {D:\TelegramChatbot\common\methods.py:6} INFO - https://api.telegram.org/bot/getUpdates
[2021-05-18 01:24:10,472] p32732 {D:\TelegramChatbot\common\methods.py:6} INFO - https://api.telegram.org/bot/getUpdates
[2021-05-18 01:24:10,977] p32732 {D:\TelegramChatbot\common\methods.py:6} INFO - https://api.telegram.org/bot/getUpdates
[2021-05-18 01:24:11,448] p32732 {D:\TelegramChatbot\common\methods.py:6} INFO - https://api.telegram.org/bot/getUpdates
[2021-05-18 01:24:11,948] p32732 {D:\TelegramChatbot\common\methods.py:6} INFO - https://api.telegram.org/bot/getUpdates
[2021-05-18 01:24:12,428] p32732 {D:\TelegramChatbot\common\methods.py:6} INFO - https://api.telegram.org/bot/getUpdates
[2021-05-18 01:24:12,917] p32732 {D:\TelegramChatbot\common\methods.py:6} INFO - https://api.telegram.org/bot/getUpdates
[2021-05-18 01:24:13,400] p32732 {D:\TelegramChatbot\common\methods.py:6} INFO - https://api.telegram.org/bot/getUpdates
[2021-05-18 01:24:13,906] p32732 {D:\TelegramChatbot\common\methods.py:6} INFO - https://api.telegram.org/bot/getUpdates
[2021-05-18 01:24:14,426] p32732 {D:\TelegramChatbot\common\methods.py:6} INFO - https://api.telegram.org/bot/getUpdates
[2021-05-18 01:24:14,926] p32732 {D:\TelegramChatbot\common\methods.py:6} INFO - https://api.telegram.org/bot/getUpdates
[2021-05-18 01:24:15,417] p32732 {D:\TelegramChatbot\common\methods.py:6} INFO - https://api.telegram.org/bot/getUpdates
[2021-05-18 01:24:15,901] p32732 {D:\TelegramChatbot\common\methods.py:6} INFO - https://api.telegram.org/bot/getUpdates
[2021-05-18 01:24:16,390] p32732 {D:\TelegramChatbot\common\methods.py:6} INFO - https://api.telegram.org/bot/getUpdates
[2021-05-18 01:24:16,892] p32732 {D:\TelegramChatbot\common\methods.py:6} INFO - https://api.telegram.org/bot/getUpdates
[2021-05-18 01:24:17,400] p32732 {D:\TelegramChatbot\common\methods.py:6} INFO - https://api.telegram.org/bot/getUpdates
[2021-05-18 01:24:17,890] p32732 {D:\TelegramChatbot\common\methods.py:6} INFO - https://api.telegram.org/bot/getUpdates
[2021-05-18 01:24:18,391] p32732 {D:\TelegramChatbot\common\methods.py:6} INFO - https://api.telegram.org/bot/getUpdates
[2021-05-18 01:24:18,922] p32732 {D:\TelegramChatbot\common\methods.py:6} INFO - https://api.telegram.org/bot/getUpdates
[2021-05-18 01:24:19,481] p32732 {D:\TelegramChatbot\common\methods.py:6} INFO - https://api.telegram.org/bot/getUpdates
[2021-05-18 01:24:20,010] p32732 {D:\TelegramChatbot\common\methods.py:6} INFO - https://api.telegram.org/bot/getUpdates
[2021-05-18 01:24:20,514] p32732 {D:\TelegramChatbot\common\methods.py:6} INFO - https://api.telegram.org/bot/getUpdates
[2021-05-18 01:24:21,035] p32732 {D:\TelegramChatbot\common\methods.py:6} INFO - https://api.telegram.org/bot/getUpdates
[2021-05-18 01:24:21,519] p32732 {D:\TelegramChatbot\common\methods.py:6} INFO - https://api.telegram.org/bot/getUpdates
[2021-05-18 01:24:22,010] p32732 {D:\TelegramChatbot\common\methods.py:6} INFO - https://api.telegram.org/bot/getUpdates
[2021-05-18 01:24:22,510] p32732 {D:\TelegramChatbot\common\methods.py:6} INFO - https://api.telegram.org/bot/getUpdates
[2021-05-18 01:24:22,999] p32732 {D:\TelegramChatbot\common\methods.py:6} INFO - https://api.telegram.org/bot/getUpdates
[2021-05-18 01:24:23,501] p32732 {D:\TelegramChatbot\common\methods.py:6} INFO - https://api.telegram.org/bot/getUpdates
[2021-05-18 01:24:24,048] p32732 {D:\TelegramChatbot\common\methods.py:6} INFO - https://api.telegram.org/bot/getUpdates
[2021-05-18 01:24:24,522] p32732 {D:\TelegramChatbot\common\methods.py:6} INFO - https://api.telegram.org/bot/getUpdates
[2021-05-18 01:24:25,012] p32732 {D:\TelegramChatbot\common\methods.py:6} INFO - https://api.telegram.org/bot/getUpdates
[2021-05-18 01:24:25,511] p32732 {D:\TelegramChatbot\common\methods.py:6} INFO - https://api.telegram.org/bot/getUpdates
[2021-05-18 01:24:26,032] p32732 {D:\TelegramChatbot\common\methods.py:6} INFO - https://api.telegram.org/bot/getUpdates
[2021-05-18 01:24:26,518] p32732 {D:\TelegramChatbot\common\methods.py:6} INFO - https://api.telegram.org/bot/getUpdates
[2021-05-18 01:24:27,143] p32732 {D:\TelegramChatbot\common\methods.py:6} INFO - https://api.telegram.org/bot/getUpdates
[2021-05-18 01:24:27,618] p32732 {D:\TelegramChatbot\common\methods.py:6} INFO - https://api.telegram.org/bot/getUpdates
[2021-05-18 01:24:28,328] p32732 {D:\TelegramChatbot\common\methods.py:6} INFO - https://api.telegram.org/bot/getUpdates
[2021-05-18 01:24:28,835] p32732 {D:\TelegramChatbot\common\methods.py:6} INFO - https://api.telegram.org/bot/getUpdates
[2021-05-18 01:24:29,350] p32732 {D:\TelegramChatbot\common\methods.py:6} INFO - https://api.telegram.org/bot/getUpdates
[2021-05-18 01:24:29,850] p32732 {D:\TelegramChatbot\common\methods.py:6} INFO - https://api.telegram.org/bot/getUpdates
[2021-05-18 01:24:30,326] p32732 {D:\TelegramChatbot\common\methods.py:6} INFO - https://api.telegram.org/bot/getUpdates
[2021-05-18 01:24:30,840] p32732 {D:\TelegramChatbot\common\methods.py:6} INFO - https://api.telegram.org/bot/getUpdates
[2021-05-18 01:24:31,329] p32732 {D:\TelegramChatbot\common\methods.py:6} INFO - https://api.telegram.org/bot/getUpdates
[2021-05-18 01:24:31,821] p32732 {D:\TelegramChatbot\common\methods.py:6} INFO - https://api.telegram.org/bot/getUpdates
[2021-05-18 01:24:32,320] p32732 {D:\TelegramChatbot\common\methods.py:6} INFO - https://api.telegram.org/bot/getUpdates
[2021-05-18 01:24:32,820] p32732 {D:\TelegramChatbot\common\methods.py:6} INFO - https://api.telegram.org/bot/getUpdates
[2021-05-18 01:24:33,325] p32732 {D:\TelegramChatbot\common\methods.py:6} INFO - https://api.telegram.org/bot/getUpdates
[2021-05-18 01:24:33,812] p32732 {D:\TelegramChatbot\common\methods.py:6} INFO - https://api.telegram.org/bot/getUpdates
[2021-05-18 01:24:34,303] p32732 {D:\TelegramChatbot\common\methods.py:6} INFO - https://api.telegram.org/bot/getUpdates
[2021-05-18 01:24:34,787] p32732 {D:\TelegramChatbot\common\methods.py:6} INFO - https://api.telegram.org/bot/getUpdates
[2021-05-18 01:24:35,265] p32732 {D:\TelegramChatbot\common\methods.py:6} INFO - https://api.telegram.org/bot/getUpdates
[2021-05-18 01:24:35,796] p32732 {D:\TelegramChatbot\common\methods.py:6} INFO - https://api.telegram.org/bot/getUpdates
[2021-05-18 01:24:36,289] p32732 {D:\TelegramChatbot\common\methods.py:6} INFO - https://api.telegram.org/bot/getUpdates
[2021-05-18 01:24:36,779] p32732 {D:\TelegramChatbot\common\methods.py:6} INFO - https://api.telegram.org/bot/getUpdates
[2021-05-18 01:24:37,272] p32732 {D:\TelegramChatbot\common\methods.py:6} INFO - https://api.telegram.org/bot/getUpdates
[2021-05-18 01:24:37,795] p32732 {D:\TelegramChatbot\common\methods.py:6} INFO - https://api.telegram.org/bot/getUpdates
[2021-05-18 01:24:38,294] p32732 {D:\TelegramChatbot\common\methods.py:6} INFO - https://api.telegram.org/bot/getUpdates
[2021-05-18 01:24:38,784] p32732 {D:\TelegramChatbot\common\methods.py:6} INFO - https://api.telegram.org/bot/getUpdates
[2021-05-18 01:24:39,284] p32732 {D:\TelegramChatbot\common\methods.py:6} INFO - https://api.telegram.org/bot/getUpdates
[2021-05-18 01:24:39,769] p32732 {D:\TelegramChatbot\common\methods.py:6} INFO - https://api.telegram.org/bot/getUpdates
[2021-05-18 01:24:40,257] p32732 {D:\TelegramChatbot\common\methods.py:6} INFO - https://api.telegram.org/bot/getUpdates
[2021-05-18 01:24:40,759] p32732 {D:\TelegramChatbot\common\methods.py:6} INFO - https://api.telegram.org/bot/getUpdates
[2021-05-18 01:24:41,281] p32732 {D:\TelegramChatbot\common\methods.py:6} INFO - https://api.telegram.org/bot/getUpdates
[2021-05-18 01:24:41,797] p32732 {D:\TelegramChatbot\common\methods.py:6} INFO - https://api.telegram.org/bot/getUpdates
[2021-05-18 01:24:42,286] p32732 {D:\TelegramChatbot\common\methods.py:6} INFO - https://api.telegram.org/bot/getUpdates
[2021-05-18 01:24:42,771] p32732 {D:\TelegramChatbot\common\methods.py:6} INFO - https://api.telegram.org/bot/getUpdates
[2021-05-18 01:24:43,256] p32732 {D:\TelegramChatbot\common\methods.py:6} INFO - https://api.telegram.org/bot/getUpdates
[2021-05-18 01:24:43,746] p32732 {D:\TelegramChatbot\common\methods.py:6} INFO - https://api.telegram.org/bot/getUpdates
[2021-05-18 01:24:44,248] p32732 {D:\TelegramChatbot\common\methods.py:6} INFO - https://api.telegram.org/bot/getUpdates
[2021-05-18 01:24:44,736] p32732 {D:\TelegramChatbot\common\methods.py:6} INFO - https://api.telegram.org/bot/getUpdates
[2021-05-18 01:24:45,226] p32732 {D:\TelegramChatbot\common\methods.py:6} INFO - https://api.telegram.org/bot/getUpdates
[2021-05-18 01:24:45,745] p32732 {D:\TelegramChatbot\common\methods.py:6} INFO - https://api.telegram.org/bot/getUpdates
[2021-05-18 01:24:46,307] p32732 {D:\TelegramChatbot\common\methods.py:6} INFO - https://api.telegram.org/bot/getUpdates
[2021-05-18 01:24:46,826] p32732 {D:\TelegramChatbot\common\methods.py:6} INFO - https://api.telegram.org/bot/getUpdates
[2021-05-18 01:24:47,328] p32732 {D:\TelegramChatbot\common\methods.py:6} INFO - https://api.telegram.org/bot/getUpdates
[2021-05-18 01:24:47,832] p32732 {D:\TelegramChatbot\common\methods.py:6} INFO - https://api.telegram.org/bot/getUpdates
[2021-05-18 01:24:48,354] p32732 {D:\TelegramChatbot\common\methods.py:6} INFO - https://api.telegram.org/bot/getUpdates
[2021-05-18 01:24:48,860] p32732 {D:\TelegramChatbot\common\methods.py:6} INFO - https://api.telegram.org/bot/getUpdates
[2021-05-18 01:24:49,350] p32732 {D:\TelegramChatbot\common\methods.py:6} INFO - https://api.telegram.org/bot/getUpdates
[2021-05-18 01:24:49,837] p32732 {D:\TelegramChatbot\common\methods.py:6} INFO - https://api.telegram.org/bot/getUpdates
[2021-05-18 01:24:50,344] p32732 {D:\TelegramChatbot\common\methods.py:6} INFO - https://api.telegram.org/bot/getUpdates
[2021-05-18 01:24:50,877] p32732 {D:\TelegramChatbot\common\methods.py:6} INFO - https://api.telegram.org/bot/getUpdates
[2021-05-18 01:24:51,361] p32732 {D:\TelegramChatbot\common\methods.py:6} INFO - https://api.telegram.org/bot/getUpdates
[2021-05-18 01:24:51,868] p32732 {D:\TelegramChatbot\common\methods.py:6} INFO - https://api.telegram.org/bot/getUpdates
[2021-05-18 01:24:52,367] p32732 {D:\TelegramChatbot\common\methods.py:6} INFO - https://api.telegram.org/bot/getUpdates
[2021-05-18 01:24:52,860] p32732 {D:\TelegramChatbot\common\methods.py:6} INFO - https://api.telegram.org/bot/getUpdates
[2021-05-18 01:24:53,349] p32732 {D:\TelegramChatbot\common\methods.py:6} INFO - https://api.telegram.org/bot/getUpdates
[2021-05-18 01:24:53,841] p32732 {D:\TelegramChatbot\common\methods.py:6} INFO - https://api.telegram.org/bot/getUpdates
[2021-05-18 01:24:54,343] p32732 {D:\TelegramChatbot\common\methods.py:6} INFO - https://api.telegram.org/bot/getUpdates
[2021-05-18 01:24:54,826] p32732 {D:\TelegramChatbot\common\methods.py:6} INFO - https://api.telegram.org/bot/getUpdates
[2021-05-18 01:24:55,312] p32732 {D:\TelegramChatbot\common\methods.py:6} INFO - https://api.telegram.org/bot/getUpdates
[2021-05-18 01:24:55,810] p32732 {D:\TelegramChatbot\common\methods.py:6} INFO - https://api.telegram.org/bot/getUpdates
[2021-05-18 01:24:56,299] p32732 {D:\TelegramChatbot\common\methods.py:6} INFO - https://api.telegram.org/bot/getUpdates
[2021-05-18 01:24:56,782] p32732 {D:\TelegramChatbot\common\methods.py:6} INFO - https://api.telegram.org/bot/getUpdates
[2021-05-18 01:24:57,300] p32732 {D:\TelegramChatbot\common\methods.py:6} INFO - https://api.telegram.org/bot/getUpdates
[2021-05-18 01:24:57,788] p32732 {D:\TelegramChatbot\common\methods.py:6} INFO - https://api.telegram.org/bot/getUpdates
[2021-05-18 01:24:58,274] p32732 {D:\TelegramChatbot\common\methods.py:6} INFO - https://api.telegram.org/bot/getUpdates
[2021-05-18 01:24:58,781] p32732 {D:\TelegramChatbot\common\methods.py:6} INFO - https://api.telegram.org/bot/getUpdates
[2021-05-18 01:24:59,269] p32732 {D:\TelegramChatbot\common\methods.py:6} INFO - https://api.telegram.org/bot/getUpdates
[2021-05-18 01:24:59,754] p32732 {D:\TelegramChatbot\common\methods.py:6} INFO - https://api.telegram.org/bot/getUpdates
[2021-05-18 01:25:00,260] p32732 {D:\TelegramChatbot\common\methods.py:6} INFO - https://api.telegram.org/bot/getUpdates
[2021-05-18 01:25:00,777] p32732 {D:\TelegramChatbot\common\methods.py:6} INFO - https://api.telegram.org/bot/getUpdates
[2021-05-18 01:25:14,461] p1444 {D:\TelegramChatbot\common\methods.py:6} INFO - https://api.telegram.org/bot1828189532:AAFlOsZwM8rgxjZPo71JZKMZNdyBONbI9Kw/getUpdates
[2021-05-18 01:26:31,330] p29316 {D:\TelegramChatbot\common\methods.py:6} INFO - https://api.telegram.org/bot1828189532:AAFlOsZwM8rgxjZPo71JZKMZNdyBONbI9Kw/getUpdates
[2021-05-18 01:26:32,003] p29316 {D:\TelegramChatbot\common\methods.py:6} INFO - https://api.telegram.org/bot1828189532:AAFlOsZwM8rgxjZPo71JZKMZNdyBONbI9Kw/getUpdates?offset=737260310&timeout=100
[2021-05-18 01:26:38,776] p29316 {D:\TelegramChatbot\common\methods.py:6} INFO - https://api.telegram.org/bot1828189532:AAFlOsZwM8rgxjZPo71JZKMZNdyBONbI9Kw/getUpdates?offset=737260310&timeout=100
[2021-05-18 01:27:28,497] p29316 {D:\TelegramChatbot\common\methods.py:6} INFO - https://api.telegram.org/bot1828189532:AAFlOsZwM8rgxjZPo71JZKMZNdyBONbI9Kw/getUpdates?offset=737260310&timeout=100
[2021-05-18 01:32:14,640] p30660 {D:\TelegramChatbot\common\methods.py:6} INFO - https://api.telegram.org/bot1828189532:AAFlOsZwM8rgxjZPo71JZKMZNdyBONbI9Kw/getUpdates
[2021-05-18 01:32:34,917] p27672 {D:\TelegramChatbot\common\methods.py:6} INFO - https://api.telegram.org/bot1828189532:AAFlOsZwM8rgxjZPo71JZKMZNdyBONbI9Kw/getUpdates
[2021-05-18 01:33:03,979] p25652 {D:\TelegramChatbot\common\methods.py:6} INFO - https://api.telegram.org/bot1828189532:AAFlOsZwM8rgxjZPo71JZKMZNdyBONbI9Kw/getUpdates
[2021-05-18 01:33:04,491] p25652 {D:\TelegramChatbot\common\methods.py:6} INFO - https://api.telegram.org/bot1828189532:AAFlOsZwM8rgxjZPo71JZKMZNdyBONbI9Kw/sendMessage?text=This bot is serious&chat_id=1193924610
[2021-05-18 01:33:05,185] p25652 {D:\TelegramChatbot\common\methods.py:6} INFO - https://api.telegram.org/bot1828189532:AAFlOsZwM8rgxjZPo71JZKMZNdyBONbI9Kw/sendMessage?text=This Bot is dangerous&chat_id=1193924610
[2021-05-18 01:33:05,861] p25652 {D:\TelegramChatbot\common\methods.py:6} INFO - https://api.telegram.org/bot1828189532:AAFlOsZwM8rgxjZPo71JZKMZNdyBONbI9Kw/sendMessage?text=This bot is dumb&chat_id=1193924610
[2021-05-18 01:33:06,517] p25652 {D:\TelegramChatbot\common\methods.py:6} INFO - https://api.telegram.org/bot1828189532:AAFlOsZwM8rgxjZPo71JZKMZNdyBONbI9Kw/sendMessage?text=user with name: Shardul,chat id: 1193924610 has communicated with bot: GodOfRequestsBot&chat_id=1193924610
[2021-05-18 01:33:07,961] p25652 {D:\TelegramChatbot\common\methods.py:6} INFO - https://api.telegram.org/bot1828189532:AAFlOsZwM8rgxjZPo71JZKMZNdyBONbI9Kw/getUpdates?offset=737260308&timeout=100
[2021-05-18 01:33:29,417] p25652 {D:\TelegramChatbot\common\methods.py:6} INFO - https://api.telegram.org/bot1828189532:AAFlOsZwM8rgxjZPo71JZKMZNdyBONbI9Kw/sendMessage?text=This bot is serious&chat_id=1193924610
[2021-05-18 01:33:30,085] p25652 {D:\TelegramChatbot\common\methods.py:6} INFO - https://api.telegram.org/bot1828189532:AAFlOsZwM8rgxjZPo71JZKMZNdyBONbI9Kw/sendMessage?text=This Bot is dangerous&chat_id=1193924610
[2021-05-18 01:33:30,769] p25652 {D:\TelegramChatbot\common\methods.py:6} INFO - https://api.telegram.org/bot1828189532:AAFlOsZwM8rgxjZPo71JZKMZNdyBONbI9Kw/sendMessage?text=This bot is dumb&chat_id=1193924610
[2021-05-18 01:33:31,422] p25652 {D:\TelegramChatbot\common\methods.py:6} INFO - https://api.telegram.org/bot1828189532:AAFlOsZwM8rgxjZPo71JZKMZNdyBONbI9Kw/sendMessage?text=user with name: Shardul,chat id: 1193924610 has communicated with bot: GodOfRequestsBot&chat_id=1193924610
[2021-05-18 01:33:32,120] p25652 {D:\TelegramChatbot\common\methods.py:6} INFO - https://api.telegram.org/bot1828189532:AAFlOsZwM8rgxjZPo71JZKMZNdyBONbI9Kw/sendMessage?text=Message Received from you: Oh Really?&chat_id=1193924610
[2021-05-18 01:33:32,815] p25652 {D:\TelegramChatbot\common\methods.py:6} INFO - https://api.telegram.org/bot1828189532:AAFlOsZwM8rgxjZPo71JZKMZNdyBONbI9Kw/getUpdates?offset=737260309&timeout=100
[2021-05-18 01:34:23,333] p25652 {D:\TelegramChatbot\common\methods.py:6} INFO - https://api.telegram.org/bot1828189532:AAFlOsZwM8rgxjZPo71JZKMZNdyBONbI9Kw/getUpdates?offset=737260309&timeout=100
[2021-05-18 01:34:38,585] p25652 {D:\TelegramChatbot\common\methods.py:6} INFO - https://api.telegram.org/bot1828189532:AAFlOsZwM8rgxjZPo71JZKMZNdyBONbI9Kw/sendMessage?text=This bot is serious&chat_id=1193924610
[2021-05-18 01:34:39,280] p25652 {D:\TelegramChatbot\common\methods.py:6} INFO - https://api.telegram.org/bot1828189532:AAFlOsZwM8rgxjZPo71JZKMZNdyBONbI9Kw/sendMessage?text=This Bot is dangerous&chat_id=1193924610
[2021-05-18 01:34:39,955] p25652 {D:\TelegramChatbot\common\methods.py:6} INFO - https://api.telegram.org/bot1828189532:AAFlOsZwM8rgxjZPo71JZKMZNdyBONbI9Kw/sendMessage?text=This bot is dumb&chat_id=1193924610
[2021-05-18 01:34:40,650] p25652 {D:\TelegramChatbot\common\methods.py:6} INFO - https://api.telegram.org/bot1828189532:AAFlOsZwM8rgxjZPo71JZKMZNdyBONbI9Kw/sendMessage?text=user with name: Shardul,chat id: 1193924610 has communicated with bot: GodOfRequestsBot&chat_id=1193924610
[2021-05-18 01:34:41,347] p25652 {D:\TelegramChatbot\common\methods.py:6} INFO - https://api.telegram.org/bot1828189532:AAFlOsZwM8rgxjZPo71JZKMZNdyBONbI9Kw/sendMessage?text=Message Received from you: Shardul Kaushik is a stud&chat_id=1193924610
[2021-05-18 01:34:42,056] p25652 {D:\TelegramChatbot\common\methods.py:6} INFO - https://api.telegram.org/bot1828189532:AAFlOsZwM8rgxjZPo71JZKMZNdyBONbI9Kw/getUpdates?offset=737260310&timeout=100
[2021-05-18 01:35:32,576] p25652 {D:\TelegramChatbot\common\methods.py:6} INFO - https://api.telegram.org/bot1828189532:AAFlOsZwM8rgxjZPo71JZKMZNdyBONbI9Kw/getUpdates?offset=737260310&timeout=100
[2021-05-18 01:35:48,351] p25652 {D:\TelegramChatbot\common\methods.py:6} INFO - https://api.telegram.org/bot1828189532:AAFlOsZwM8rgxjZPo71JZKMZNdyBONbI9Kw/sendMessage?text=This bot is serious&chat_id=1193924610
[2021-05-18 01:35:49,025] p25652 {D:\TelegramChatbot\common\methods.py:6} INFO - https://api.telegram.org/bot1828189532:AAFlOsZwM8rgxjZPo71JZKMZNdyBONbI9Kw/sendMessage?text=This Bot is dangerous&chat_id=1193924610
[2021-05-18 01:35:49,675] p25652 {D:\TelegramChatbot\common\methods.py:6} INFO - https://api.telegram.org/bot1828189532:AAFlOsZwM8rgxjZPo71JZKMZNdyBONbI9Kw/sendMessage?text=This bot is dumb&chat_id=1193924610
[2021-05-18 01:35:50,385] p25652 {D:\TelegramChatbot\common\methods.py:6} INFO - https://api.telegram.org/bot1828189532:AAFlOsZwM8rgxjZPo71JZKMZNdyBONbI9Kw/sendMessage?text=user with name: Shardul,chat id: 1193924610 has communicated with bot: GodOfRequestsBot&chat_id=1193924610
[2021-05-18 01:35:51,761] p25652 {D:\TelegramChatbot\common\methods.py:6} INFO - https://api.telegram.org/bot1828189532:AAFlOsZwM8rgxjZPo71JZKMZNdyBONbI9Kw/getUpdates?offset=737260311&timeout=100
[2021-05-18 02:14:39,869] p31956 {D:\TelegramChatbot\common\methods.py:6} INFO - https://api.telegram.org/bot1828189532:AAFlOsZwM8rgxjZPo71JZKMZNdyBONbI9Kw/getUpdates
[2021-05-18 02:14:40,478] p31956 {D:\TelegramChatbot\common\methods.py:6} INFO - https://api.telegram.org/bot1828189532:AAFlOsZwM8rgxjZPo71JZKMZNdyBONbI9Kw/getUpdates
[2021-05-18 02:14:44,007] p31956 {D:\TelegramChatbot\common\methods.py:6} INFO - https://api.telegram.org/bot1828189532:AAFlOsZwM8rgxjZPo71JZKMZNdyBONbI9Kw/getUpdates
[2021-05-18 02:14:44,535] p31956 {D:\TelegramChatbot\common\methods.py:6} INFO - https://api.telegram.org/bot1828189532:AAFlOsZwM8rgxjZPo71JZKMZNdyBONbI9Kw/getUpdates
[2021-05-18 02:14:48,068] p31956 {D:\TelegramChatbot\common\methods.py:6} INFO - https://api.telegram.org/bot1828189532:AAFlOsZwM8rgxjZPo71JZKMZNdyBONbI9Kw/getUpdates
[2021-05-18 02:14:48,592] p31956 {D:\TelegramChatbot\common\methods.py:6} INFO - https://api.telegram.org/bot1828189532:AAFlOsZwM8rgxjZPo71JZKMZNdyBONbI9Kw/getUpdates
[2021-05-18 02:14:51,330] p31956 {D:\TelegramChatbot\common\methods.py:6} INFO - https://api.telegram.org/bot1828189532:AAFlOsZwM8rgxjZPo71JZKMZNdyBONbI9Kw/sendMessage?text=This bot is serious&chat_id=1193924610
[2021-05-18 02:14:52,064] p31956 {D:\TelegramChatbot\common\methods.py:6} INFO - https://api.telegram.org/bot1828189532:AAFlOsZwM8rgxjZPo71JZKMZNdyBONbI9Kw/sendMessage?text=This Bot is dangerous&chat_id=1193924610
[2021-05-18 02:14:53,040] p31956 {D:\TelegramChatbot\common\methods.py:6} INFO - https://api.telegram.org/bot1828189532:AAFlOsZwM8rgxjZPo71JZKMZNdyBONbI9Kw/sendMessage?text=This bot is dumb&chat_id=1193924610
[2021-05-18 02:14:53,734] p31956 {D:\TelegramChatbot\common\methods.py:6} INFO - https://api.telegram.org/bot1828189532:AAFlOsZwM8rgxjZPo71JZKMZNdyBONbI9Kw/sendMessage?text=user with name: Shardul,chat id: 1193924610 has communicated with bot: GodOfRequestsBot&chat_id=1193924610
[2021-05-18 02:14:54,422] p31956 {D:\TelegramChatbot\common\methods.py:6} INFO - https://api.telegram.org/bot1828189532:AAFlOsZwM8rgxjZPo71JZKMZNdyBONbI9Kw/sendMessage?text=Message Received from you: 🐴🐴🐴❤❤❤&chat_id=1193924610
[2021-05-18 02:14:55,086] p31956 {D:\TelegramChatbot\common\methods.py:6} INFO - https://api.telegram.org/bot1828189532:AAFlOsZwM8rgxjZPo71JZKMZNdyBONbI9Kw/getUpdates?offset=737260312&timeout=100
[2021-05-18 02:15:45,573] p31956 {D:\TelegramChatbot\common\methods.py:6} INFO - https://api.telegram.org/bot1828189532:AAFlOsZwM8rgxjZPo71JZKMZNdyBONbI9Kw/getUpdates?offset=737260312&timeout=100
[2021-05-18 02:16:36,059] p31956 {D:\TelegramChatbot\common\methods.py:6} INFO - https://api.telegram.org/bot1828189532:AAFlOsZwM8rgxjZPo71JZKMZNdyBONbI9Kw/getUpdates?offset=737260312&timeout=100
[2021-05-18 02:17:26,547] p31956 {D:\TelegramChatbot\common\methods.py:6} INFO - https://api.telegram.org/bot1828189532:AAFlOsZwM8rgxjZPo71JZKMZNdyBONbI9Kw/getUpdates?offset=737260312&timeout=100
[2021-05-18 02:18:17,087] p31956 {D:\TelegramChatbot\common\methods.py:6} INFO - https://api.telegram.org/bot1828189532:AAFlOsZwM8rgxjZPo71JZKMZNdyBONbI9Kw/getUpdates?offset=737260312&timeout=100
[2021-05-18 02:19:07,569] p31956 {D:\TelegramChatbot\common\methods.py:6} INFO - https://api.telegram.org/bot1828189532:AAFlOsZwM8rgxjZPo71JZKMZNdyBONbI9Kw/getUpdates?offset=737260312&timeout=100
[2021-05-18 02:19:58,062] p31956 {D:\TelegramChatbot\common\methods.py:6} INFO - https://api.telegram.org/bot1828189532:AAFlOsZwM8rgxjZPo71JZKMZNdyBONbI9Kw/getUpdates?offset=737260312&timeout=100
[2021-05-18 02:20:48,579] p31956 {D:\TelegramChatbot\common\methods.py:6} INFO - https://api.telegram.org/bot1828189532:AAFlOsZwM8rgxjZPo71JZKMZNdyBONbI9Kw/getUpdates?offset=737260312&timeout=100
[2021-05-18 02:21:39,085] p31956 {D:\TelegramChatbot\common\methods.py:6} INFO - https://api.telegram.org/bot1828189532:AAFlOsZwM8rgxjZPo71JZKMZNdyBONbI9Kw/getUpdates?offset=737260312&timeout=100
[2021-05-18 02:22:29,579] p31956 {D:\TelegramChatbot\common\methods.py:6} INFO - https://api.telegram.org/bot1828189532:AAFlOsZwM8rgxjZPo71JZKMZNdyBONbI9Kw/getUpdates?offset=737260312&timeout=100
[2021-05-18 02:23:20,217] p31956 {D:\TelegramChatbot\common\methods.py:6} INFO - https://api.telegram.org/bot1828189532:AAFlOsZwM8rgxjZPo71JZKMZNdyBONbI9Kw/getUpdates?offset=737260312&timeout=100
[2021-05-18 02:24:10,702] p31956 {D:\TelegramChatbot\common\methods.py:6} INFO - https://api.telegram.org/bot1828189532:AAFlOsZwM8rgxjZPo71JZKMZNdyBONbI9Kw/getUpdates?offset=737260312&timeout=100
[2021-05-18 02:25:01,268] p31956 {D:\TelegramChatbot\common\methods.py:6} INFO - https://api.telegram.org/bot1828189532:AAFlOsZwM8rgxjZPo71JZKMZNdyBONbI9Kw/getUpdates?offset=737260312&timeout=100
[2021-05-18 02:25:51,791] p31956 {D:\TelegramChatbot\common\methods.py:6} INFO - https://api.telegram.org/bot1828189532:AAFlOsZwM8rgxjZPo71JZKMZNdyBONbI9Kw/getUpdates?offset=737260312&timeout=100
[2021-05-18 02:26:42,275] p31956 {D:\TelegramChatbot\common\methods.py:6} INFO - https://api.telegram.org/bot1828189532:AAFlOsZwM8rgxjZPo71JZKMZNdyBONbI9Kw/getUpdates?offset=737260312&timeout=100
[2021-05-18 02:27:32,758] p31956 {D:\TelegramChatbot\common\methods.py:6} INFO - https://api.telegram.org/bot1828189532:AAFlOsZwM8rgxjZPo71JZKMZNdyBONbI9Kw/getUpdates?offset=737260312&timeout=100
[2021-05-18 02:28:23,300] p31956 {D:\TelegramChatbot\common\methods.py:6} INFO - https://api.telegram.org/bot1828189532:AAFlOsZwM8rgxjZPo71JZKMZNdyBONbI9Kw/getUpdates?offset=737260312&timeout=100
[2021-05-18 02:29:13,815] p31956 {D:\TelegramChatbot\common\methods.py:6} INFO - https://api.telegram.org/bot1828189532:AAFlOsZwM8rgxjZPo71JZKMZNdyBONbI9Kw/getUpdates?offset=737260312&timeout=100
[2021-05-18 02:30:04,303] p31956 {D:\TelegramChatbot\common\methods.py:6} INFO - https://api.telegram.org/bot1828189532:AAFlOsZwM8rgxjZPo71JZKMZNdyBONbI9Kw/getUpdates?offset=737260312&timeout=100
[2021-05-18 02:30:54,800] p31956 {D:\TelegramChatbot\common\methods.py:6} INFO - https://api.telegram.org/bot1828189532:AAFlOsZwM8rgxjZPo71JZKMZNdyBONbI9Kw/getUpdates?offset=737260312&timeout=100
[2021-05-18 02:31:45,301] p31956 {D:\TelegramChatbot\common\methods.py:6} INFO - https://api.telegram.org/bot1828189532:AAFlOsZwM8rgxjZPo71JZKMZNdyBONbI9Kw/getUpdates?offset=737260312&timeout=100
[2021-05-18 02:32:35,809] p31956 {D:\TelegramChatbot\common\methods.py:6} INFO - https://api.telegram.org/bot1828189532:AAFlOsZwM8rgxjZPo71JZKMZNdyBONbI9Kw/getUpdates?offset=737260312&timeout=100
[2021-05-18 02:33:26,329] p31956 {D:\TelegramChatbot\common\methods.py:6} INFO - https://api.telegram.org/bot1828189532:AAFlOsZwM8rgxjZPo71JZKMZNdyBONbI9Kw/getUpdates?offset=737260312&timeout=100
[2021-05-18 02:34:16,807] p31956 {D:\TelegramChatbot\common\methods.py:6} INFO - https://api.telegram.org/bot1828189532:AAFlOsZwM8rgxjZPo71JZKMZNdyBONbI9Kw/getUpdates?offset=737260312&timeout=100
[2021-05-18 02:35:07,322] p31956 {D:\TelegramChatbot\common\methods.py:6} INFO - https://api.telegram.org/bot1828189532:AAFlOsZwM8rgxjZPo71JZKMZNdyBONbI9Kw/getUpdates?offset=737260312&timeout=100
[2021-05-18 02:35:57,811] p31956 {D:\TelegramChatbot\common\methods.py:6} INFO - https://api.telegram.org/bot1828189532:AAFlOsZwM8rgxjZPo71JZKMZNdyBONbI9Kw/getUpdates?offset=737260312&timeout=100
[2021-05-18 02:36:48,340] p31956 {D:\TelegramChatbot\common\methods.py:6} INFO - https://api.telegram.org/bot1828189532:AAFlOsZwM8rgxjZPo71JZKMZNdyBONbI9Kw/getUpdates?offset=737260312&timeout=100
[2021-05-18 02:37:38,884] p31956 {D:\TelegramChatbot\common\methods.py:6} INFO - https://api.telegram.org/bot1828189532:AAFlOsZwM8rgxjZPo71JZKMZNdyBONbI9Kw/getUpdates?offset=737260312&timeout=100
[2021-05-18 02:38:29,372] p31956 {D:\TelegramChatbot\common\methods.py:6} INFO - https://api.telegram.org/bot1828189532:AAFlOsZwM8rgxjZPo71JZKMZNdyBONbI9Kw/getUpdates?offset=737260312&timeout=100
[2021-05-18 02:39:19,866] p31956 {D:\TelegramChatbot\common\methods.py:6} INFO - https://api.telegram.org/bot1828189532:AAFlOsZwM8rgxjZPo71JZKMZNdyBONbI9Kw/getUpdates?offset=737260312&timeout=100
[2021-05-18 02:40:10,377] p31956 {D:\TelegramChatbot\common\methods.py:6} INFO - https://api.telegram.org/bot1828189532:AAFlOsZwM8rgxjZPo71JZKMZNdyBONbI9Kw/getUpdates?offset=737260312&timeout=100
[2021-05-18 02:41:00,881] p31956 {D:\TelegramChatbot\common\methods.py:6} INFO - https://api.telegram.org/bot1828189532:AAFlOsZwM8rgxjZPo71JZKMZNdyBONbI9Kw/getUpdates?offset=737260312&timeout=100
[2021-05-18 02:41:51,471] p31956 {D:\TelegramChatbot\common\methods.py:6} INFO - https://api.telegram.org/bot1828189532:AAFlOsZwM8rgxjZPo71JZKMZNdyBONbI9Kw/getUpdates?offset=737260312&timeout=100
[2021-05-18 02:42:41,992] p31956 {D:\TelegramChatbot\common\methods.py:6} INFO - https://api.telegram.org/bot1828189532:AAFlOsZwM8rgxjZPo71JZKMZNdyBONbI9Kw/getUpdates?offset=737260312&timeout=100
[2021-05-18 02:43:32,510] p31956 {D:\TelegramChatbot\common\methods.py:6} INFO - https://api.telegram.org/bot1828189532:AAFlOsZwM8rgxjZPo71JZKMZNdyBONbI9Kw/getUpdates?offset=737260312&timeout=100
[2021-05-18 02:44:23,001] p31956 {D:\TelegramChatbot\common\methods.py:6} INFO - https://api.telegram.org/bot1828189532:AAFlOsZwM8rgxjZPo71JZKMZNdyBONbI9Kw/getUpdates?offset=737260312&timeout=100
[2021-05-18 02:45:13,497] p31956 {D:\TelegramChatbot\common\methods.py:6} INFO - https://api.telegram.org/bot1828189532:AAFlOsZwM8rgxjZPo71JZKMZNdyBONbI9Kw/getUpdates?offset=737260312&timeout=100
[2021-05-18 02:46:04,026] p31956 {D:\TelegramChatbot\common\methods.py:6} INFO - https://api.telegram.org/bot1828189532:AAFlOsZwM8rgxjZPo71JZKMZNdyBONbI9Kw/getUpdates?offset=737260312&timeout=100
